cd /home/liumengjiao/Desktop/CI/Benchmark/../bugs/Mockito_8_fix && timeout 300000 gen_tests.pl -g evosuite -p Mockito -v 8f -n 3 -o /home/liumengjiao/Desktop/CI/Evosuite/Mockito_8/ -b 300 >> evosuite-report-clz/test_gen_fix.log 2>&1

--------------------------------------------------------------------------------
                     Defects4j Execution Environment 
--------------------------------------------------------------------------------
PWD.........................../home/liumengjiao/Desktop/CI/bugs/Mockito_8_fix
SHELL........................./bin/bash
TZ............................America/Los_Angeles
JAVA_HOME...................../usr/local/lib/jdk1.8.0_351
Java Exec...................../usr/local/lib/jdk1.8.0_351/bin/java
Java Exec Resolved............/usr/local/lib/jdk1.8.0_351/bin/java
Java Version:
  java version "1.8.0_351"
  Java(TM) SE Runtime Environment (build 1.8.0_351-b10)
  Java HotSpot(TM) 64-Bit Server VM (build 25.351-b10, mixed mode)
Git version...................git version 2.34.1
SVN version...................1.14.1
Perl version..................v5.34.0
--------------------------------------------------------------------------------
Checking out 5a03bf5d to /tmp/gen_tests.pl_515901_1695207767............... OK
Executed command: git clone /home/liumengjiao/Desktop/defects4j/project_repos/mockito.git /tmp/gen_tests.pl_515901_1695207767 2>&1 && cd /tmp/gen_tests.pl_515901_1695207767 && git checkout 5a03bf5d0c9aedac9cfbf074833167c1eca6439f 2>&1
Cloning into '/tmp/gen_tests.pl_515901_1695207767'...
done.
Note: switching to '5a03bf5d0c9aedac9cfbf074833167c1eca6439f'.

You are in 'detached HEAD' state. You can look around, make experimental
changes and commit them, and you can discard any commits you make in this
state without impacting any branches by switching back to a branch.

If you want to create a new branch to retain commits you create, you may
do so (now or later) by using -c with the switch command. Example:

  git switch -c <new-branch-name>

Or undo this operation with:

  git switch -

Turn off this advice by setting config variable advice.detachedHead to false

HEAD is now at 5a03bf5d0 Fixes issue #114
Init local repository...................................................... OK
Executed command: cd /tmp/gen_tests.pl_515901_1695207767 && git init 2>&1 && git config user.name defects4j 2>&1 && git config user.email defects4j@localhost 2>&1 && git config core.autocrlf false 2>&1
Reinitialized existing Git repository in /tmp/gen_tests.pl_515901_1695207767/.git/
Tag post-fix revision...................................................... OK
Executed command: cd /tmp/gen_tests.pl_515901_1695207767 && git init 2>&1 && echo ".svn" > .gitignore && git add -A 2>&1 && git commit -a -m D4J_Mockito_8_POST_FIX_REVISION 2>&1 && git tag D4J_Mockito_8_POST_FIX_REVISION 2>&1
Reinitialized existing Git repository in /tmp/gen_tests.pl_515901_1695207767/.git/
[detached HEAD c46808580] D4J_Mockito_8_POST_FIX_REVISION
 2 files changed, 4 insertions(+), 19 deletions(-)
 create mode 100644 .defects4j.config
Run post-checkout hook..................................................... OK
Executed command: cd /tmp/gen_tests.pl_515901_1695207767 && git add -A 2>&1 && git commit -a -m "D4J_Mockito_8_POST_FIX_COMPILABLE" 2>&1 && git tag D4J_Mockito_8_POST_FIX_COMPILABLE 2>&1
[detached HEAD d84b29fc6] D4J_Mockito_8_POST_FIX_COMPILABLE
 8 files changed, 241 insertions(+), 5 deletions(-)
 create mode 100644 build.gradle.bak
 create mode 100644 buildSrc/build.gradle.bak
 create mode 100644 cglib-and-asm/build.gradle.bak
 create mode 100644 gradle.properties.bak
Excluding broken/flaky tests............................................... OK
Executed command: /home/liumengjiao/Desktop/defects4j/framework/util/rm_broken_tests.pl /home/liumengjiao/Desktop/defects4j/framework/projects/Mockito/failing_tests/5a03bf5d0c9aedac9cfbf074833167c1eca6439f /tmp/gen_tests.pl_515901_1695207767/test
Excluding broken/flaky tests............................................... OK
Executed command: /home/liumengjiao/Desktop/defects4j/framework/util/rm_broken_tests.pl /home/liumengjiao/Desktop/defects4j/framework/projects/Mockito/dependent_tests /tmp/gen_tests.pl_515901_1695207767/test
Excluding broken/flaky tests............................................... OK
Executed command: /home/liumengjiao/Desktop/defects4j/framework/util/rm_broken_tests.pl /home/liumengjiao/Desktop/defects4j/framework/projects/Mockito/random_tests /tmp/gen_tests.pl_515901_1695207767/test
Initialize fixed program version........................................... OK
Executed command: cd /tmp/gen_tests.pl_515901_1695207767 && git add -A 2>&1 && git commit -a -m "D4J_Mockito_8_FIXED_VERSION" 2>&1 && git tag D4J_Mockito_8_FIXED_VERSION 2>&1
[detached HEAD e0b57d9e9] D4J_Mockito_8_FIXED_VERSION
 33 files changed, 3515 insertions(+), 679 deletions(-)
 create mode 100644 defects4j.build.properties
 create mode 100644 test/org/concurrentmockito/ThreadsRunAllTestsHalfManualTest.java.bak
 create mode 100644 test/org/mockito/internal/creation/cglib/ClassImposterizerTest.java.bak
 create mode 100644 test/org/mockito/internal/creation/cglib/MethodInterceptorFilterTest.java.bak
 create mode 100644 test/org/mockito/internal/runners/RunnerFactoryTest.java.bak
 rewrite test/org/mockito/internal/util/TimerTest.java (60%)
 copy test/org/mockito/internal/util/{TimerTest.java => TimerTest.java.bak} (100%)
 create mode 100644 test/org/mockito/internal/verification/VerificationOverTimeImplTest.java.bak
 create mode 100644 test/org/mockito/verification/TimeoutTest.java.bak
 create mode 100644 test/org/mockitousage/basicapi/MocksCreationTest.java.bak
 create mode 100644 test/org/mockitousage/basicapi/MocksSerializationForAnnotationTest.java.bak
 create mode 100644 test/org/mockitousage/basicapi/MocksSerializationTest.java.bak
 create mode 100644 test/org/mockitousage/basicapi/ReplacingObjectMethodsTest.java.bak
 create mode 100644 test/org/mockitousage/bugs/ShouldNotDeadlockAnswerExecutionTest.java.bak
 create mode 100644 test/org/mockitousage/configuration/ClassCacheVersusClassReloadingTest.java.bak
 create mode 100644 test/org/mockitousage/verification/VerificationAfterDelayTest.java.bak
 create mode 100644 test/org/mockitousage/verification/VerificationInOrderWithCallsTest.java.bak
 create mode 100644 test/org/mockitousage/verification/VerificationWithTimeoutTest.java.bak
Apply patch................................................................ OK
Executed command: cd /tmp/gen_tests.pl_515901_1695207767; git apply -p1 /home/liumengjiao/Desktop/defects4j/framework/projects/Mockito/patches/8.src.patch 2>&1
Initialize buggy program version........................................... OK
Executed command: cd /tmp/gen_tests.pl_515901_1695207767 && git add -A 2>&1 && git commit -a -m "D4J_Mockito_8_BUGGY_VERSION" 2>&1 && git tag D4J_Mockito_8_BUGGY_VERSION 2>&1
[detached HEAD f8323c6f4] D4J_Mockito_8_BUGGY_VERSION
 2 files changed, 2 insertions(+), 2 deletions(-)
Diff 5a03bf5d:9fb7d8b6..................................................... OK
Executed command: git --git-dir=/home/liumengjiao/Desktop/defects4j/project_repos/mockito.git diff --no-ext-diff --binary 5a03bf5d0c9aedac9cfbf074833167c1eca6439f 9fb7d8b62814f959ceca6096d785b96c11bdfd0a 
diff --git a/src/org/mockito/internal/util/reflection/GenericMetadataSupport.java b/src/org/mockito/internal/util/reflection/GenericMetadataSupport.java
index 8046052fd..152e9424e 100644
--- a/src/org/mockito/internal/util/reflection/GenericMetadataSupport.java
+++ b/src/org/mockito/internal/util/reflection/GenericMetadataSupport.java
@@ -76,7 +76,7 @@ public abstract class GenericMetadataSupport {
 
             if (actualTypeArgument instanceof WildcardType) {
                 contextualActualTypeParameters.put(typeParameter, boundsOf((WildcardType) actualTypeArgument));
-            } else if (typeParameter != actualTypeArgument) {
+            } else {
                 contextualActualTypeParameters.put(typeParameter, actualTypeArgument);
             }
             // logger.log("For '" + parameterizedType + "' found type variable : { '" + typeParameter + "(" + System.identityHashCode(typeParameter) + ")" + "' : '" + actualTypeArgument + "(" + System.identityHashCode(typeParameter) + ")" + "' }");
diff --git a/test/org/mockito/internal/util/reflection/GenericMetadataSupportTest.java b/test/org/mockito/internal/util/reflection/GenericMetadataSupportTest.java
index f15833ccb..9b9b7f025 100644
--- a/test/org/mockito/internal/util/reflection/GenericMetadataSupportTest.java
+++ b/test/org/mockito/internal/util/reflection/GenericMetadataSupportTest.java
@@ -21,10 +21,7 @@ import org.junit.Test;
 
 @SuppressWarnings("unused")
 public class GenericMetadataSupportTest {
-  
-    interface GenericsSelfReference<T extends GenericsSelfReference<T>> {
-        T self();
-    }
+
     interface UpperBoundedTypeWithClass<E extends Number & Comparable<E>> {
         E get();
     }
@@ -47,12 +44,6 @@ public class GenericMetadataSupportTest {
 
     static class StringList extends ArrayList<String> { }
 
-    @Test
-    public void typeVariable_of_self_type() {
-        GenericMetadataSupport genericMetadata = inferFrom(GenericsSelfReference.class).resolveGenericReturnType(firstNamedMethod("self", GenericsSelfReference.class));
-
-        assertThat(genericMetadata.rawType()).isEqualTo(GenericsSelfReference.class);
-    }
 
     @Test
     public void can_get_raw_type_from_Class() throws Exception {
Apply patch................................................................ OK
Executed command: cd /tmp/gen_tests.pl_515901_1695207767; git apply -p1 /tmp/gen_tests.pl_515901_1695207767/.defects4j.diff 2>&1
Tag pre-fix revision....................................................... OK
Executed command: cd /tmp/gen_tests.pl_515901_1695207767 && git add -A 2>&1 && git commit -a -m "D4J_Mockito_8_PRE_FIX_REVISION" 2>&1 && git tag D4J_Mockito_8_PRE_FIX_REVISION 2>&1
[detached HEAD 97065001d] D4J_Mockito_8_PRE_FIX_REVISION
 2 files changed, 2 insertions(+), 11 deletions(-)
Check out program version: Mockito-8f...................................... OK
Executed command: cd /tmp/gen_tests.pl_515901_1695207767 && git checkout D4J_Mockito_8_FIXED_VERSION 2>&1
Previous HEAD position was 97065001d D4J_Mockito_8_PRE_FIX_REVISION
HEAD is now at e0b57d9e9 D4J_Mockito_8_FIXED_VERSION
Running ant (compile)...................................................... OK
Executed command:  cd /tmp/gen_tests.pl_515901_1695207767 && ant -f /home/liumengjiao/Desktop/defects4j/framework/projects/defects4j.build.xml -Dd4j.home=/home/liumengjiao/Desktop/defects4j -Dd4j.dir.projects=/home/liumengjiao/Desktop/defects4j/framework/projects -Dbasedir=/tmp/gen_tests.pl_515901_1695207767 -Dbuild.compiler=javac1.7  compile 2>&1
Java HotSpot(TM) 64-Bit Server VM warning: ignoring option MaxPermSize=1G; support was removed in 8.0
Buildfile: /home/liumengjiao/Desktop/defects4j/framework/projects/defects4j.build.xml

compile:

gradle.compile:
   [delete] Deleting: /tmp/gen_tests.pl_515901_1695207767/buildSrc/src/test/groovy/org/mockito/release/notes/improvements/GitHubTicketFetcherTest.groovy
     [exec] Downloading file:/home/liumengjiao/Desktop/defects4j/framework/lib/build_systems/gradle/dists/gradle-2.2.1-all.zip
     [exec] ..................................................................................................................................................................................................................................................................................................................................................................................................................................................................................................................................................................................................................................................................................................................................................................................................................................................................................................................................................................................................................................................................................................................................................................................................................................................................................................................................................................................................................................................................................................................................................................................................................................................................................................................................................................................................................................................................................................................................................................................................................................................................................................................................................................................................................................................................................................................................................................................................................................................................................................................................................................................................................................................................................................................................................................................................................................................................................................................................................................................................................................................
     [exec] Unzipping /tmp/gen_tests.pl_515901_1695207767/.gradle_local_home/wrapper/dists/gradle-2.2.1-all/63qe008f6q3qpqg7f4k2m082ob/gradle-2.2.1-all.zip to /tmp/gen_tests.pl_515901_1695207767/.gradle_local_home/wrapper/dists/gradle-2.2.1-all/63qe008f6q3qpqg7f4k2m082ob
     [exec] Set executable permissions for: /tmp/gen_tests.pl_515901_1695207767/.gradle_local_home/wrapper/dists/gradle-2.2.1-all/63qe008f6q3qpqg7f4k2m082ob/gradle-2.2.1/bin/gradle
     [exec] Parallel execution is an incubating feature.
     [exec] :buildSrc:clean UP-TO-DATE
     [exec] :buildSrc:compileJava UP-TO-DATE
     [exec] Note: Some input files use unchecked or unsafe operations.
     [exec] Note: Recompile with -Xlint:unchecked for details.
     [exec] :buildSrc:compileGroovy
     [exec] :buildSrc:processResources
     [exec] :buildSrc:classes
     [exec] :buildSrc:jar
     [exec] :buildSrc:assemble
     [exec] :buildSrc:compileTestJava UP-TO-DATE
     [exec] :buildSrc:compileTestGroovy
     [exec] :buildSrc:processTestResources UP-TO-DATE
     [exec] :buildSrc:testClasses
     [exec] :buildSrc:test
     [exec] :buildSrc:check
     [exec] :buildSrc:build
     [exec] Download https://jcenter.bintray.com/com/android/tools/build/gradle/0.11.2/gradle-0.11.2.pom
     [exec] POM relocation to an other version number is not fully supported in Gradle : xml-apis#xml-apis;2.0.2 relocated to xml-apis#xml-apis;1.0.b2.
     [exec] Please update your dependency to directly use the correct version 'xml-apis#xml-apis;1.0.b2'.
     [exec] Resolution will only pick dependencies of the relocated element.  Artifacts and other metadata will be ignored.
     [exec] Version: 1.10.18
     [exec] :compileJava
     [exec] :testng:processResources
     [exec] :extTest:compileJava UP-TO-DATE
     [exec] :testng:processResources UP-TO-DATE
     [exec] :extTest:processResources UP-TO-DATE
     [exec] :extTest:classes UP-TO-DATE
     [exec] :processResources UP-TO-DATE
     [exec] :classes
     [exec] Note: Some input files use or override a deprecated API.
     [exec] Note: Recompile with -Xlint:deprecation for details.
     [exec] Note: Some input files use unchecked or unsafe operations.
     [exec] Note: Recompile with -Xlint:unchecked for details.
     [exec] Java HotSpot(TM) 64-Bit Server VM warning: ignoring option MaxPermSize=1G; support was removed in 8.0
     [exec] :jar
     [exec] Buildfile: /tmp/gen_tests.pl_515901_1695207767/build-ant.xml
     [exec] 
     [exec] bndCore:
     [exec]       [bnd] # org.mockito.mockito-core (mockito-core-1.10.18.jar.bnd) 736 
     [exec] 
     [exec] osgify.mockito-core:
     [exec]       [zip] Updating zip: /tmp/gen_tests.pl_515901_1695207767/build/libs/mockito-core-1.10.18.jar
     [exec] 
     [exec] BUILD SUCCESSFUL
     [exec] Total time: 0 seconds
     [exec] Note: /tmp/gen_tests.pl_515901_1695207767/subprojects/testng/src/main/java/org/mockito/testng/MockitoBeforeTestNGMethod.java uses unchecked or unsafe operations.
     [exec] Note: Recompile with -Xlint:unchecked for details.
     [exec] :testng:compileJava
     [exec] :testng:classes
     [exec] 
     [exec] BUILD SUCCESSFUL
     [exec] 
     [exec] Total time: 11.444 secs
     [exec] No Gradle daemons are running.

ant.compile:

gradle.compile.mutants:

ant.compile.mutants:
    [mkdir] Created dir: /tmp/gen_tests.pl_515901_1695207767/compileLib
     [exec] POM relocation to an other version number is not fully supported in Gradle : xml-apis#xml-apis;2.0.2 relocated to xml-apis#xml-apis;1.0.b2.

BUILD SUCCESSFUL
Total time: 16 seconds
Creating temporary output directory........................................ OK
Executed command: mkdir -p /tmp/gen_tests.pl_515901_1695207767/evosuite
Generating (regression) tests with: evosuite............................... [MASTER] 04:03:18.897 [logback-2] ERROR TestCluster - Failed to check cache for java.lang.reflect.TypeVariable<D> : Type points to itself
OK
Executed command: /home/liumengjiao/Desktop/defects4j/framework/lib/test_generation/bin/evosuite.sh

Executing command:
java -cp /home/liumengjiao/Desktop/defects4j/framework/lib/test_generation/generation/evosuite-current.jar org.evosuite.EvoSuite     -class org.mockito.internal.util.reflection.GenericMetadataSupport     -projectCP /tmp/gen_tests.pl_515901_1695207767/build/classes/main:/home/liumengjiao/Desktop/defects4j/framework/projects/Mockito/lib/asm-all-5.0.4.jar:/home/liumengjiao/Desktop/defects4j/framework/projects/Mockito/lib/assertj-core-2.1.0.jar:/home/liumengjiao/Desktop/defects4j/framework/projects/Mockito/lib/cglib-and-asm-1.0.jar:/home/liumengjiao/Desktop/defects4j/framework/projects/Mockito/lib/cobertura-2.0.3.jar:/home/liumengjiao/Desktop/defects4j/framework/projects/Mockito/lib/fest-assert-1.3.jar:/home/liumengjiao/Desktop/defects4j/framework/projects/Mockito/lib/fest-util-1.1.4.jar:/home/liumengjiao/Desktop/defects4j/framework/projects/Mockito/lib/hamcrest-all-1.3.jar:/home/liumengjiao/Desktop/defects4j/framework/projects/Mockito/lib/hamcrest-core-1.1.jar:/home/liumengjiao/Desktop/defects4j/framework/projects/Mockito/lib/objenesis-2.1.jar:/home/liumengjiao/Desktop/defects4j/framework/projects/Mockito/lib/objenesis-2.2.jar:/home/liumengjiao/Desktop/defects4j/framework/projects/Mockito/lib/powermock-reflect-1.2.5.jar     -seed 3008     -Dsearch_budget=150     -Dassertion_timeout=150     -Dtest_dir=/tmp/gen_tests.pl_515901_1695207767/evosuite     -criterion branch -Dstopping_condition=MaxTime -Dshow_progress=false -Djunit_check=false -Dfilter_assertions=false -Dtest_comments=false -mem 1500 
* EvoSuite 1.1.0
* Going to generate test cases for class: org.mockito.internal.util.reflection.GenericMetadataSupport
* Starting Client-0
* Connecting to master process on port 3904
* Analyzing classpath: 
  - /tmp/gen_tests.pl_515901_1695207767/build/classes/main
  - /home/liumengjiao/Desktop/defects4j/framework/projects/Mockito/lib/asm-all-5.0.4.jar
  - /home/liumengjiao/Desktop/defects4j/framework/projects/Mockito/lib/assertj-core-2.1.0.jar
  - /home/liumengjiao/Desktop/defects4j/framework/projects/Mockito/lib/cglib-and-asm-1.0.jar
  - /home/liumengjiao/Desktop/defects4j/framework/projects/Mockito/lib/cobertura-2.0.3.jar
  - /home/liumengjiao/Desktop/defects4j/framework/projects/Mockito/lib/fest-assert-1.3.jar
  - /home/liumengjiao/Desktop/defects4j/framework/projects/Mockito/lib/fest-util-1.1.4.jar
  - /home/liumengjiao/Desktop/defects4j/framework/projects/Mockito/lib/hamcrest-all-1.3.jar
  - /home/liumengjiao/Desktop/defects4j/framework/projects/Mockito/lib/hamcrest-core-1.1.jar
  - /home/liumengjiao/Desktop/defects4j/framework/projects/Mockito/lib/objenesis-2.1.jar
  - /home/liumengjiao/Desktop/defects4j/framework/projects/Mockito/lib/objenesis-2.2.jar
  - /home/liumengjiao/Desktop/defects4j/framework/projects/Mockito/lib/powermock-reflect-1.2.5.jar
* Finished analyzing classpath
* Generating tests for class org.mockito.internal.util.reflection.GenericMetadataSupport
* Test criterion:
  - Branch Coverage
* Total number of test goals for DYNAMOSA: 110
* Using seed 3008
* Starting evolution
* Initial Number of Goals in DynaMOSA = 72 / 110
[MASTER] 04:03:19.001 [logback-1] WARN  TestChromosome - Functional mock problem: org.evosuite.ga.ConstructionFailedException: Invalid generic instance
[MASTER] 04:03:19.014 [logback-1] WARN  TestChromosome - Functional mock problem: org.evosuite.ga.ConstructionFailedException: Failed to add constructor for org.mockito.internal.util.reflection.GenericMetadataSupport$TypeVarBoundedType due to org.evosuite.ga.ConstructionFailedException: Invalid generic instance
[MASTER] 04:03:19.026 [logback-1] WARN  TestChromosome - Functional mock problem: org.evosuite.ga.ConstructionFailedException: Have no generator for class org.mockito.internal.util.reflection.GenericMetadataSupport canUseFunctionalMocks=false, canBeMocked: false
[MASTER] 04:03:19.030 [logback-1] WARN  TestChromosome - Functional mock problem: org.evosuite.ga.ConstructionFailedException: Have no generator for class org.mockito.internal.util.reflection.GenericMetadataSupport$TypeVarBoundedType canUseFunctionalMocks=false, canBeMocked: true
[MASTER] 04:03:19.067 [logback-1] WARN  TestChromosome - Functional mock problem: org.evosuite.ga.ConstructionFailedException: Have no generator for class java.lang.reflect.Method canUseFunctionalMocks=true, canBeMocked: false
[MASTER] 04:03:19.461 [logback-1] WARN  TestChromosome - Functional mock problem: org.evosuite.ga.ConstructionFailedException: Have no generator for class org.mockito.internal.util.reflection.GenericMetadataSupport$WildCardBoundedType canUseFunctionalMocks=false, canBeMocked: true
* Search finished after 151s and 5796 generations, 459084 statements, best individual has fitness: 85.0
* Minimizing test suite
* Going to analyze the coverage criteria
* Coverage analysis for criterion BRANCH
* Coverage of criterion BRANCH: 23%
* Total number of goals: 110
* Number of covered goals: 25
* Generated 14 tests with total length 41
* Resulting test suite's coverage: 23%
* Generating assertions
* Resulting test suite's mutation score: 8%
* Writing tests to file
* Writing JUnit test case 'GenericMetadataSupport_ESTest' to /tmp/gen_tests.pl_515901_1695207767/evosuite
* Done!

* Computation finished
OK
Creating test suite archive................................................ OK
Executed command: tar -cjf /tmp/gen_tests.pl_515901_1695207767/Mockito-8f-evosuite.3.tar.bz2 -C /tmp/gen_tests.pl_515901_1695207767/evosuite/ .
Creating output directory.................................................. OK
Executed command: mkdir -p /home/liumengjiao/Desktop/CI/Evosuite/Mockito_8//Mockito/evosuite/3
Moving test suite archive to /home/liumengjiao/Desktop/CI/Evosuite/Mockito_ OK
Executed command: mv /tmp/gen_tests.pl_515901_1695207767/Mockito-8f-evosuite.3.tar.bz2 /home/liumengjiao/Desktop/CI/Evosuite/Mockito_8//Mockito/evosuite/3
